<?xml version="1.0" encoding="UTF-8"?>
<testng-results ignored="0" total="1" passed="1" failed="0" skipped="0">
  <reporter-output>
  </reporter-output>
  <suite started-at="2024-06-10T09:20:23 ICT" name="Default suite" finished-at="2024-06-10T09:20:23 ICT" duration-ms="33">
    <groups>
    </groups>
    <test started-at="2024-06-10T09:20:23 ICT" name="Default test" finished-at="2024-06-10T09:20:23 ICT" duration-ms="33">
      <class name="Test.PS1">
        <test-method is-config="true" signature="befoMethod()[pri:0, instance:Test.PS1@6631f5ca]" started-at="2024-06-10T09:20:23 ICT" name="befoMethod" finished-at="2024-06-10T09:20:23 ICT" duration-ms="4" status="PASS">
          <reporter-output>
          </reporter-output>
        </test-method> <!-- befoMethod -->
        <test-method signature="TestRun()[pri:0, instance:Test.PS1@6631f5ca]" started-at="2024-06-10T09:20:23 ICT" name="TestRun" finished-at="2024-06-10T09:20:23 ICT" duration-ms="4" status="PASS">
          <reporter-output>
          </reporter-output>
        </test-method> <!-- TestRun -->
      </class> <!-- Test.PS1 -->
    </test> <!-- Default test -->
  </suite> <!-- Default suite -->
</testng-results>
